# JRE version: Java(TM) SE Runtime Environment (23.0.1+11) (build 23.0.1+11-39)
# Java VM: Java HotSpot(TM) 64-Bit Server VM (23.0.1+11-39, mixed mode, sharing, tiered, compressed oops, compressed class ptrs, g1 gc, windows-amd64)
GC Precious Log:
 CardTable entry size: 512
 Card Set container configuration: InlinePtr #cards 5 size 8 Array Of Cards #cards 10 size 36 Howl #buckets 4 coarsen threshold 1843 Howl Bitmap #cards 512 size 80 coarsen threshold 460 Card regions per heap region 1 cards per card region 2048
 CPUs: 2 total, 2 available
 Memory: 3470M
 Large Page Support: Disabled
 NUMA Support: Disabled
 Compressed Oops: Enabled (32-bit)
 Heap Region Size: 1M
 Heap Min Capacity: 8M
 Heap Initial Capacity: 56M
 Heap Max Capacity: 868M
 Pre-touch: Disabled
 Parallel Workers: 2
 Concurrent Workers: 1
 Concurrent Refinement Workers: 2
 Periodic GC: Disabled
Heap:
 garbage-first heap   total reserved 888832K, committed 51200K, used 26951K [0x00000000c9c00000, 0x0000000100000000)
  region size 1024K, 16 young (16384K), 4 survivors (4096K)
 Metaspace       used 27470K, committed 27904K, reserved 1114112K
  class space    used 3526K, committed 3712K, reserved 1048576K
GC Heap History (16 events):
Event: 1.745 GC heap before
{Heap before GC invocations=0 (full 0):
 garbage-first heap   total reserved 888832K, committed 57344K, used 7168K [0x00000000c9c00000, 0x0000000100000000)
  region size 1024K, 7 young (7168K), 0 survivors (0K)
 Metaspace       used 1077K, committed 1152K, reserved 1114112K
  class space    used 88K, committed 128K, reserved 1048576K
}
Event: 1.759 GC heap after
{Heap after GC invocations=1 (full 0):
 garbage-first heap   total reserved 888832K, committed 57344K, used 5248K [0x00000000c9c00000, 0x0000000100000000)
  region size 1024K, 1 young (1024K), 1 survivors (1024K)
 Metaspace       used 1077K, committed 1152K, reserved 1114112K
  class space    used 88K, committed 128K, reserved 1048576K
}
Event: 2.667 GC heap before
{Heap before GC invocations=1 (full 0):
 garbage-first heap   total reserved 888832K, committed 57344K, used 10368K [0x00000000c9c00000, 0x0000000100000000)
  region size 1024K, 6 young (6144K), 1 survivors (1024K)
 Metaspace       used 3270K, committed 3456K, reserved 1114112K
  class space    used 326K, committed 384K, reserved 1048576K
}
Event: 2.670 GC heap after
{Heap after GC invocations=2 (full 0):
 garbage-first heap   total reserved 888832K, committed 57344K, used 6376K [0x00000000c9c00000, 0x0000000100000000)
  region size 1024K, 1 young (1024K), 1 survivors (1024K)
 Metaspace       used 3270K, committed 3456K, reserved 1114112K
  class space    used 326K, committed 384K, reserved 1048576K
}
Event: 9.362 GC heap before
{Heap before GC invocations=2 (full 0):
 garbage-first heap   total reserved 888832K, committed 57344K, used 19688K [0x00000000c9c00000, 0x0000000100000000)
  region size 1024K, 14 young (14336K), 1 survivors (1024K)
 Metaspace       used 7345K, committed 7616K, reserved 1114112K
  class space    used 904K, committed 1024K, reserved 1048576K
}
Event: 9.478 GC heap after
{Heap after GC invocations=3 (full 0):
 garbage-first heap   total reserved 888832K, committed 57344K, used 7633K [0x00000000c9c00000, 0x0000000100000000)
  region size 1024K, 2 young (2048K), 2 survivors (2048K)
 Metaspace       used 7345K, committed 7616K, reserved 1114112K
  class space    used 904K, committed 1024K, reserved 1048576K
}
Event: 15.068 GC heap before
{Heap before GC invocations=3 (full 0):
 garbage-first heap   total reserved 888832K, committed 57344K, used 21969K [0x00000000c9c00000, 0x0000000100000000)
  region size 1024K, 17 young (17408K), 2 survivors (2048K)
 Metaspace       used 12813K, committed 13120K, reserved 1114112K
  class space    used 1541K, committed 1664K, reserved 1048576K
}
Event: 15.076 GC heap after
{Heap after GC invocations=4 (full 0):
 garbage-first heap   total reserved 888832K, committed 57344K, used 9166K [0x00000000c9c00000, 0x0000000100000000)
  region size 1024K, 3 young (3072K), 3 survivors (3072K)
 Metaspace       used 12813K, committed 13120K, reserved 1114112K
  class space    used 1541K, committed 1664K, reserved 1048576K
}
Event: 18.818 GC heap before
{Heap before GC invocations=4 (full 0):
 garbage-first heap   total reserved 888832K, committed 57344K, used 29646K [0x00000000c9c00000, 0x0000000100000000)
  region size 1024K, 24 young (24576K), 3 survivors (3072K)
 Metaspace       used 18318K, committed 18624K, reserved 1114112K
  class space    used 2266K, committed 2432K, reserved 1048576K
}
Event: 18.833 GC heap after
{Heap after GC invocations=5 (full 0):
 garbage-first heap   total reserved 888832K, committed 57344K, used 11389K [0x00000000c9c00000, 0x0000000100000000)
  region size 1024K, 3 young (3072K), 3 survivors (3072K)
 Metaspace       used 18318K, committed 18624K, reserved 1114112K
  class space    used 2266K, committed 2432K, reserved 1048576K
}
Event: 26.038 GC heap before
{Heap before GC invocations=5 (full 0):
 garbage-first heap   total reserved 888832K, committed 57344K, used 34941K [0x00000000c9c00000, 0x0000000100000000)
  region size 1024K, 26 young (26624K), 3 survivors (3072K)
 Metaspace       used 20875K, committed 21184K, reserved 1114112K
  class space    used 2550K, committed 2688K, reserved 1048576K
}
Event: 26.051 GC heap after
{Heap after GC invocations=6 (full 0):
 garbage-first heap   total reserved 888832K, committed 57344K, used 13401K [0x00000000c9c00000, 0x0000000100000000)
  region size 1024K, 2 young (2048K), 2 survivors (2048K)
 Metaspace       used 20875K, committed 21184K, reserved 1114112K
  class space    used 2550K, committed 2688K, reserved 1048576K
}
Event: 26.619 GC heap before
{Heap before GC invocations=6 (full 0):
 garbage-first heap   total reserved 888832K, committed 57344K, used 14425K [0x00000000c9c00000, 0x0000000100000000)
  region size 1024K, 4 young (4096K), 2 survivors (2048K)
 Metaspace       used 21202K, committed 21504K, reserved 1114112K
  class space    used 2586K, committed 2752K, reserved 1048576K
}
Event: 26.625 GC heap after
{Heap after GC invocations=7 (full 0):
 garbage-first heap   total reserved 888832K, committed 57344K, used 13647K [0x00000000c9c00000, 0x0000000100000000)
  region size 1024K, 3 young (3072K), 3 survivors (3072K)
 Metaspace       used 21202K, committed 21504K, reserved 1114112K
  class space    used 2586K, committed 2752K, reserved 1048576K
}
Event: 35.008 GC heap before
{Heap before GC invocations=8 (full 0):
 garbage-first heap   total reserved 888832K, committed 51200K, used 40271K [0x00000000c9c00000, 0x0000000100000000)
  region size 1024K, 29 young (29696K), 3 survivors (3072K)
 Metaspace       used 25261K, committed 25600K, reserved 1114112K
  class space    used 3159K, committed 3328K, reserved 1048576K
}
Event: 35.032 GC heap after
{Heap after GC invocations=9 (full 0):
 garbage-first heap   total reserved 888832K, committed 51200K, used 15687K [0x00000000c9c00000, 0x0000000100000000)
  region size 1024K, 4 young (4096K), 4 survivors (4096K)
 Metaspace       used 25261K, committed 25600K, reserved 1114112K
  class space    used 3159K, committed 3328K, reserved 1048576K
}

